0 info it worked if it ends with ok
1 verbose cli [ '/opt/homebrew-cask/Caskroom/atom/latest/Atom.app/Contents/Resources/app/apm/node_modules/atom-package-manager/bin/node',
1 verbose cli   '/opt/homebrew-cask/Caskroom/atom/latest/Atom.app/Contents/Resources/app/apm/node_modules/atom-package-manager/node_modules/npm/bin/npm-cli.js',
1 verbose cli   '--globalconfig',
1 verbose cli   '/opt/homebrew-cask/Caskroom/atom/latest/Atom.app/Contents/Resources/app/apm/node_modules/atom-package-manager/.apmrc',
1 verbose cli   '--userconfig',
1 verbose cli   '/Users/OceanWang/.atom/.apmrc',
1 verbose cli   'install',
1 verbose cli   '--target=0.18.0',
1 verbose cli   '--arch=x64' ]
2 info using npm@1.4.4
3 info using node@v0.10.32
4 error install Couldn't read dependencies
5 error Failed to parse json
5 error Unexpected end of input
6 error File: /Users/OceanWang/Dropbox/website rebuild/package.json
7 error Failed to parse package.json data.
7 error package.json must be actual JSON, not just JavaScript.
7 error
7 error This is not a bug in npm.
7 error Tell the package author to fix their package.json file. JSON.parse
8 error System Darwin 14.0.0
9 error command "/opt/homebrew-cask/Caskroom/atom/latest/Atom.app/Contents/Resources/app/apm/node_modules/atom-package-manager/bin/node" "/opt/homebrew-cask/Caskroom/atom/latest/Atom.app/Contents/Resources/app/apm/node_modules/atom-package-manager/node_modules/npm/bin/npm-cli.js" "--globalconfig" "/opt/homebrew-cask/Caskroom/atom/latest/Atom.app/Contents/Resources/app/apm/node_modules/atom-package-manager/.apmrc" "--userconfig" "/Users/OceanWang/.atom/.apmrc" "install" "--target=0.18.0" "--arch=x64"
10 error cwd /Users/OceanWang/Dropbox/website rebuild
11 error node -v v0.10.32
12 error npm -v 1.4.4
13 error file /Users/OceanWang/Dropbox/website rebuild/package.json
14 error code EJSONPARSE
15 verbose exit [ 1, true ]
